FSM 1 : VALID TRANSITION GRAPH

00100000 : FSM STATE NOT REACHABLE FROM OUTSIDE.

   OUTGOING TRANSITIONS:
      01000000

   INCOMING TRANSITIONS:
      00010000


01000000 : FSM STATE NOT REACHABLE FROM OUTSIDE.

   OUTGOING TRANSITIONS:
      10000000

   INCOMING TRANSITIONS:
      00000010
      00100000


00001000 : FSM STATE NOT REACHABLE FROM OUTSIDE.

   OUTGOING TRANSITIONS:
      00010000

   INCOMING TRANSITIONS:
      00000100


00010000 : FSM STATE NOT REACHABLE FROM OUTSIDE.

   OUTGOING TRANSITIONS:
      00100000

   INCOMING TRANSITIONS:
      00001000


10000000 : FSM STATE NOT REACHABLE FROM OUTSIDE.

   OUTGOING TRANSITIONS:
      00000010

   INCOMING TRANSITIONS:
      01000000


00000001 : STATE IS REACHABLE FROM OUTSIDE.

   OUTGOING TRANSITIONS:
      00000010


00000010 : FSM STATE NOT REACHABLE FROM OUTSIDE.

   OUTGOING TRANSITIONS:
      01000000
      00000100
      00000010

   INCOMING TRANSITIONS:
      00000001
      00000010
      10000000


00000100 : FSM STATE NOT REACHABLE FROM OUTSIDE.

   OUTGOING TRANSITIONS:
      00001000

   INCOMING TRANSITIONS:
      00000010


