


~~~~~~~~~~~~~~~~~~~~~
Module : work.FSM(A)
~~~~~~~~~~~~~~~~~~~~~
Number of FSMs Extracted : 1

1.
--------------------------------------------------
Number of States                : 8
Primary State Variable          : c_state[7:0]
Other State Variable(s)         : 1) n_state[7:0]
Async set/reset state(s)        : 00000001 
Re-encoding Scheme              : ONEHOT 
FSM: Info, state encoding table:
FSM:	Index	                         State Name	                            Literal	                      Encoding
FSM:	    0	                               root	                           00000001	                      00000001
FSM:	    1	                             boucle	                           00000010	                      00000010
FSM:	    2	                          start_adc	                           01000000	                      00000100
FSM:	    3	                           over_adc	                           10000000	                      00001000
FSM:	    4	                          update_dl	                           00000100	                      00010000
FSM:	    5	                             l_buff	                           00001000	                      00100000
FSM:	    6	                          start_dac	                           00010000	                      01000000
FSM:	    7	                           over_dac	                           00100000	                      10000000



